Qflow migration logfile created on 01 يناير, 2025 +01 18:05:33
magic -dnull -noconsole  migrate_processor_9_bits.tcl

Magic 8.3 revision 505 - Compiled on 12 دجنبر, 2024 +01 18:45:47.
Starting magic under Tcl interpreter
Using the terminal as the console.
Using NULL graphics device.
Processing system .magicrc file
Input style lambda=0.30(p): scaleFactor=30, multiplier=1
Contact size value ignored (using GDS generation rules).
Contact size value ignored (using GDS generation rules).
Contact size value ignored (using GDS generation rules).
Contact size value ignored (using GDS generation rules).
Contact size value ignored (using GDS generation rules).
Contact size value ignored (using GDS generation rules).
The following types are not handled by extraction and will be treated as non-electrical types:
    n_field_implant p_field_implant nselect pselect glass filln filla fillb xp m1p m2p m3p comment bb 
4 Magic internal units = 1 Lambda
Loading "migrate_processor_9_bits.tcl" from command line.
Root cell box:
           width x height  (   llx,  lly  ), (   urx,  ury  )

microns:   0.000 x 0.000   ( 0.000,  0.000), ( 0.000,  0.000)
lambda:     0.00 x 0.00    (  0.00,  0.00 ), (  0.00,  0.00 )
internal:      0 x 0       (     0,  0    ), (     0,  0    )
Reading LEF data from file /usr/local/share/qflow/tech/osu050/osu050_stdcells.lef.
This action cannot be undone.
LEF read: Processed 3221 lines.
Reading DEF data from file processor_9_bits.def.
This action cannot be undone.
DEF read, Line 13 (Error): END statement out of context.
  Processed 33 subcell instances total.
  Processed 7 pins total.
  Processed 37 nets total.
DEF read, Line 427 (Warning): Number of nets read (3) does not match the number declared (4).
DEF read: Processed 429 lines.
DEF Read: encountered 1 error total.
DEF Read: encountered 1 warning total.
Generating LEF output processor_9_bits.lef for cell processor_9_bits:
Diagnostic:  Write LEF header for cell processor_9_bits
Diagnostic:  Writing LEF output for cell processor_9_bits
Diagnostic:  Scale value is 0.075000
Extracting DFFPOSX1 into DFFPOSX1.ext:
Extracting AND2X2 into AND2X2.ext:
Extracting OR2X2 into OR2X2.ext:
Extracting INVX1 into INVX1.ext:
Extracting BUFX2 into BUFX2.ext:
Extracting NAND2X1 into NAND2X1.ext:
Extracting NOR3X1 into NOR3X1.ext:
Extracting OAI21X1 into OAI21X1.ext:
Extracting NAND3X1 into NAND3X1.ext:
Extracting AOI21X1 into AOI21X1.ext:
Extracting NOR2X1 into NOR2X1.ext:
Extracting FILL into FILL.ext:
Extracting processor_9_bits into processor_9_bits.ext:
exttospice finished.
Migration script ended on 01 يناير, 2025 +01 18:05:34
